[debug] [2025-02-07T17:44:00.802Z] ----------------------------------------------------------------------
[debug] [2025-02-07T17:44:00.803Z] Command:       /opt/homebrew/Cellar/node/23.7.0/bin/node /opt/homebrew/bin/firebase init hosting:github
[debug] [2025-02-07T17:44:00.804Z] CLI Version:   13.30.0
[debug] [2025-02-07T17:44:00.804Z] Platform:      darwin
[debug] [2025-02-07T17:44:00.804Z] Node Version:  v23.7.0
[debug] [2025-02-07T17:44:00.804Z] Time:          Fri Feb 07 2025 10:44:00 GMT-0700 (Mountain Standard Time)
[debug] [2025-02-07T17:44:00.804Z] ----------------------------------------------------------------------
[debug] 
[debug] [2025-02-07T17:44:00.805Z] >>> [apiv2][query] GET https://firebase-public.firebaseio.com/cli.json [none]
[debug] [2025-02-07T17:44:00.891Z] > command requires scopes: ["email","openid","https://www.googleapis.com/auth/cloudplatformprojects.readonly","https://www.googleapis.com/auth/firebase","https://www.googleapis.com/auth/cloud-platform"]
[debug] [2025-02-07T17:44:00.892Z] > authorizing via signed-in user (student11@dfcs-cloud.net)
[info] 
     ######## #### ########  ######## ########     ###     ######  ########
     ##        ##  ##     ## ##       ##     ##  ##   ##  ##       ##
     ######    ##  ########  ######   ########  #########  ######  ######
     ##        ##  ##    ##  ##       ##     ## ##     ##       ## ##
     ##       #### ##     ## ######## ########  ##     ##  ######  ########

You're about to initialize a Firebase project in this directory:

  /Users/davidpetzold/Documents

Before we get started, keep in mind:

  * You are initializing within an existing Firebase project directory

[info] 
=== Project Setup
[info] 
[info] First, let's associate this project directory with a Firebase project.
[info] You can create multiple project aliases by running firebase use --add, 
[info] but for now we'll just set up a default project.
[info] 
[debug] [2025-02-07T17:44:00.893Z] Using project from CLI flag: gameify-cs110
[debug] [2025-02-07T17:44:00.893Z] Checked if tokens are valid: false, expires at: 1738781120411
[debug] [2025-02-07T17:44:00.893Z] Checked if tokens are valid: false, expires at: 1738781120411
[debug] [2025-02-07T17:44:00.893Z] > refreshing access token with scopes: []
[debug] [2025-02-07T17:44:00.893Z] >>> [apiv2][query] POST https://www.googleapis.com/oauth2/v3/token [none]
[debug] [2025-02-07T17:44:00.893Z] >>> [apiv2][body] POST https://www.googleapis.com/oauth2/v3/token [omitted]
[debug] [2025-02-07T17:44:01.092Z] <<< [apiv2][status] GET https://firebase-public.firebaseio.com/cli.json 200
[debug] [2025-02-07T17:44:01.092Z] <<< [apiv2][body] GET https://firebase-public.firebaseio.com/cli.json {"cloudBuildErrorAfter":1594252800000,"cloudBuildWarnAfter":1590019200000,"defaultNode10After":1594252800000,"minVersion":"3.0.5","node8DeploysDisabledAfter":1613390400000,"node8RuntimeDisabledAfter":1615809600000,"node8WarnAfter":1600128000000}
[debug] [2025-02-07T17:44:01.202Z] <<< [apiv2][status] POST https://www.googleapis.com/oauth2/v3/token 200
[debug] [2025-02-07T17:44:01.203Z] <<< [apiv2][body] POST https://www.googleapis.com/oauth2/v3/token [omitted]
[debug] [2025-02-07T17:44:01.216Z] >>> [apiv2][query] GET https://firebase.googleapis.com/v1beta1/projects/gameify-cs110 [none]
[debug] [2025-02-07T17:44:01.667Z] <<< [apiv2][status] GET https://firebase.googleapis.com/v1beta1/projects/gameify-cs110 200
[debug] [2025-02-07T17:44:01.668Z] <<< [apiv2][body] GET https://firebase.googleapis.com/v1beta1/projects/gameify-cs110 {"projectId":"gameify-cs110","projectNumber":"697999671176","displayName":"gameify-cs110","name":"projects/gameify-cs110","resources":{"hostingSite":"gameify-cs110"},"state":"ACTIVE","etag":"1_5af120c7-f158-4009-8972-653c7fa3c3f6"}
[info] i  Using project gameify-cs110 (gameify-cs110) 
[info] 
=== Hosting:github Setup
[info] 
[info] i  Didn't detect a .git folder. Assuming /Users/davidpetzold/Documents/public is the project root. 
[info] i  Authorizing with GitHub to upload your service account to a GitHub repository's secrets store. 
[info] 
[info] Visit this URL on this device to log in:
[info] https://github.com/login/oauth/authorize?client_id=89cf50f02ac6aaed3484&state=474863160&redirect_uri=http%3A%2F%2Flocalhost%3A9005&scope=read%3Auser%20repo%20public_repo
[info] 
[info] Waiting for authentication...
[debug] [2025-02-07T17:44:41.942Z] >>> [apiv2][query] POST https://github.com/login/oauth/access_token [none]
[debug] [2025-02-07T17:44:41.942Z] >>> [apiv2][body] POST https://github.com/login/oauth/access_token [stream]
[debug] [2025-02-07T17:44:42.322Z] <<< [apiv2][status] POST https://github.com/login/oauth/access_token 200
[debug] [2025-02-07T17:44:42.322Z] <<< [apiv2][body] POST https://github.com/login/oauth/access_token {"access_token":"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","token_type":"bearer","scope":"read:user,repo"}
[debug] [2025-02-07T17:44:42.333Z] >>> [apiv2][query] GET https://api.github.com/user [none]
[debug] [2025-02-07T17:44:42.973Z] <<< [apiv2][status] GET https://api.github.com/user 200
[debug] [2025-02-07T17:44:42.974Z] <<< [apiv2][body] GET https://api.github.com/user {"login":"D-Pretzel","id":75513652,"node_id":"MDQ6VXNlcjc1NTEzNjUy","avatar_url":"https://avatars.githubusercontent.com/u/75513652?v=4","gravatar_id":"","url":"https://api.github.com/users/D-Pretzel","html_url":"https://github.com/D-Pretzel","followers_url":"https://api.github.com/users/D-Pretzel/followers","following_url":"https://api.github.com/users/D-Pretzel/following{/other_user}","gists_url":"https://api.github.com/users/D-Pretzel/gists{/gist_id}","starred_url":"https://api.github.com/users/D-Pretzel/starred{/owner}{/repo}","subscriptions_url":"https://api.github.com/users/D-Pretzel/subscriptions","organizations_url":"https://api.github.com/users/D-Pretzel/orgs","repos_url":"https://api.github.com/users/D-Pretzel/repos","events_url":"https://api.github.com/users/D-Pretzel/events{/privacy}","received_events_url":"https://api.github.com/users/D-Pretzel/received_events","type":"User","user_view_type":"private","site_admin":false,"name":"David Petzold","company":"Air Force","blog":"","location":"Colorado Springs, CO","email":null,"hireable":null,"bio":null,"twitter_username":"_pretzeldave_","notification_email":null,"public_repos":55,"public_gists":0,"followers":2,"following":7,"created_at":"2020-12-05T03:40:20Z","updated_at":"2025-02-07T17:44:32Z","private_gists":0,"total_private_repos":20,"owned_private_repos":20,"disk_usage":25315,"collaborators":9,"two_factor_authentication":false,"plan":{"name":"free","space":976562499,"collaborators":0,"private_repos":10000}}
[info] 
[info] ✔  Success! Logged into GitHub as D-Pretzel 
[info] 
[debug] [2025-02-07T20:48:18.892Z] ----------------------------------------------------------------------
[debug] [2025-02-07T20:48:18.897Z] Command:       /opt/homebrew/Cellar/node/23.7.0/bin/node /opt/homebrew/bin/firebase init hosting:github
[debug] [2025-02-07T20:48:18.897Z] CLI Version:   13.30.0
[debug] [2025-02-07T20:48:18.897Z] Platform:      darwin
[debug] [2025-02-07T20:48:18.897Z] Node Version:  v23.7.0
[debug] [2025-02-07T20:48:18.898Z] Time:          Fri Feb 07 2025 13:48:18 GMT-0700 (Mountain Standard Time)
[debug] [2025-02-07T20:48:18.898Z] ----------------------------------------------------------------------
[debug] 
[debug] [2025-02-07T20:48:18.976Z] > command requires scopes: ["email","openid","https://www.googleapis.com/auth/cloudplatformprojects.readonly","https://www.googleapis.com/auth/firebase","https://www.googleapis.com/auth/cloud-platform"]
[debug] [2025-02-07T20:48:18.977Z] > authorizing via signed-in user (student11@dfcs-cloud.net)
[info] 
     ######## #### ########  ######## ########     ###     ######  ########
     ##        ##  ##     ## ##       ##     ##  ##   ##  ##       ##
     ######    ##  ########  ######   ########  #########  ######  ######
     ##        ##  ##    ##  ##       ##     ## ##     ##       ## ##
     ##       #### ##     ## ######## ########  ##     ##  ######  ########

You're about to initialize a Firebase project in this directory:

  /Users/davidpetzold/Documents

Before we get started, keep in mind:

  * You are initializing within an existing Firebase project directory

[info] 
=== Project Setup
[info] 
[info] First, let's associate this project directory with a Firebase project.
[info] You can create multiple project aliases by running firebase use --add, 
[info] but for now we'll just set up a default project.
[info] 
[debug] [2025-02-07T20:48:18.978Z] Using project from CLI flag: gameify-cs110
[debug] [2025-02-07T20:48:18.978Z] Checked if tokens are valid: false, expires at: 1738953840203
[debug] [2025-02-07T20:48:18.978Z] Checked if tokens are valid: false, expires at: 1738953840203
[debug] [2025-02-07T20:48:18.978Z] > refreshing access token with scopes: []
[debug] [2025-02-07T20:48:18.979Z] >>> [apiv2][query] POST https://www.googleapis.com/oauth2/v3/token [none]
[debug] [2025-02-07T20:48:18.979Z] >>> [apiv2][body] POST https://www.googleapis.com/oauth2/v3/token [omitted]
[debug] [2025-02-07T20:48:19.178Z] <<< [apiv2][status] POST https://www.googleapis.com/oauth2/v3/token 200
[debug] [2025-02-07T20:48:19.178Z] <<< [apiv2][body] POST https://www.googleapis.com/oauth2/v3/token [omitted]
[debug] [2025-02-07T20:48:19.194Z] >>> [apiv2][query] GET https://firebase.googleapis.com/v1beta1/projects/gameify-cs110 [none]
[debug] [2025-02-07T20:48:19.495Z] <<< [apiv2][status] GET https://firebase.googleapis.com/v1beta1/projects/gameify-cs110 200
[debug] [2025-02-07T20:48:19.495Z] <<< [apiv2][body] GET https://firebase.googleapis.com/v1beta1/projects/gameify-cs110 {"projectId":"gameify-cs110","projectNumber":"697999671176","displayName":"gameify-cs110","name":"projects/gameify-cs110","resources":{"hostingSite":"gameify-cs110"},"state":"ACTIVE","etag":"1_5af120c7-f158-4009-8972-653c7fa3c3f6"}
[info] i  Using project gameify-cs110 (gameify-cs110) 
[info] 
=== Hosting:github Setup
[info] 
[info] i  Didn't detect a .git folder. Assuming /Users/davidpetzold/Documents/public is the project root. 
[info] i  Authorizing with GitHub to upload your service account to a GitHub repository's secrets store. 
[info] 
[info] Visit this URL on this device to log in:
[info] https://github.com/login/oauth/authorize?client_id=89cf50f02ac6aaed3484&state=2498051&redirect_uri=http%3A%2F%2Flocalhost%3A9005&scope=read%3Auser%20repo%20public_repo
[info] 
[info] Waiting for authentication...
[debug] [2025-02-07T20:48:20.159Z] >>> [apiv2][query] POST https://github.com/login/oauth/access_token [none]
[debug] [2025-02-07T20:48:20.159Z] >>> [apiv2][body] POST https://github.com/login/oauth/access_token [stream]
[debug] [2025-02-07T20:48:20.460Z] <<< [apiv2][status] POST https://github.com/login/oauth/access_token 200
[debug] [2025-02-07T20:48:20.461Z] <<< [apiv2][body] POST https://github.com/login/oauth/access_token {"access_token":"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","token_type":"bearer","scope":"read:user,repo"}
[debug] [2025-02-07T20:48:20.469Z] >>> [apiv2][query] GET https://api.github.com/user [none]
[debug] [2025-02-07T20:48:20.928Z] <<< [apiv2][status] GET https://api.github.com/user 200
[debug] [2025-02-07T20:48:20.929Z] <<< [apiv2][body] GET https://api.github.com/user {"login":"D-Pretzel","id":75513652,"node_id":"MDQ6VXNlcjc1NTEzNjUy","avatar_url":"https://avatars.githubusercontent.com/u/75513652?v=4","gravatar_id":"","url":"https://api.github.com/users/D-Pretzel","html_url":"https://github.com/D-Pretzel","followers_url":"https://api.github.com/users/D-Pretzel/followers","following_url":"https://api.github.com/users/D-Pretzel/following{/other_user}","gists_url":"https://api.github.com/users/D-Pretzel/gists{/gist_id}","starred_url":"https://api.github.com/users/D-Pretzel/starred{/owner}{/repo}","subscriptions_url":"https://api.github.com/users/D-Pretzel/subscriptions","organizations_url":"https://api.github.com/users/D-Pretzel/orgs","repos_url":"https://api.github.com/users/D-Pretzel/repos","events_url":"https://api.github.com/users/D-Pretzel/events{/privacy}","received_events_url":"https://api.github.com/users/D-Pretzel/received_events","type":"User","user_view_type":"private","site_admin":false,"name":"David Petzold","company":"Air Force","blog":"","location":"Colorado Springs, CO","email":null,"hireable":null,"bio":null,"twitter_username":"_pretzeldave_","notification_email":null,"public_repos":55,"public_gists":0,"followers":2,"following":7,"created_at":"2020-12-05T03:40:20Z","updated_at":"2025-02-07T17:44:32Z","private_gists":0,"total_private_repos":20,"owned_private_repos":20,"disk_usage":25315,"collaborators":9,"two_factor_authentication":false,"plan":{"name":"free","space":976562499,"collaborators":0,"private_repos":10000}}
[info] 
[info] ✔  Success! Logged into GitHub as D-Pretzel 
[info] 
